INFO 2012-03-21 15:30:56,282 views 5640 -1223099536 archive all article
INFO 2012-03-21 18:16:02,382 views 2675 -1224148112 archive all article
INFO 2012-03-21 18:16:55,310 models 2675 -1224148112 create an article, title new blog engine
INFO 2012-03-21 18:17:19,783 views 2675 -1224148112 archive all article
INFO 2012-03-21 18:17:20,223 views 2675 -1224148112 archive all article
INFO 2012-03-21 18:17:22,607 views 2675 -1224148112 archive an article, name new blog engine
INFO 2012-03-21 18:19:12,403 models 2675 -1224148112 create an article, title new blog engine
INFO 2012-03-21 18:19:17,208 views 2675 -1224148112 archive all article
INFO 2012-03-21 18:19:17,472 views 2675 -1224148112 archive all article
INFO 2012-03-21 18:19:19,471 views 2675 -1224148112 archive an article, name new blog engine
INFO 2012-03-21 18:22:04,072 models 2978 -1223742608 create an article, title new blog engine
INFO 2012-03-21 18:22:07,304 views 2978 -1223742608 archive all article
INFO 2012-03-21 18:22:07,629 views 2978 -1223742608 archive all article
INFO 2012-03-21 18:22:08,804 views 2978 -1223742608 archive an article, name new blog engine
INFO 2012-03-21 18:22:22,697 views 2978 -1223742608 archive an article, name new blog engine
INFO 2012-03-21 18:22:25,433 views 2978 -1223742608 archive an article, name new blog engine
INFO 2012-03-21 18:22:46,949 views 2978 -1223742608 archive an article, name new blog engine
INFO 2012-03-21 18:22:56,448 views 2978 -1223742608 archive an article, name new blog engine
INFO 2012-03-21 18:23:05,691 views 2978 -1223742608 archive an article, name new blog engine
INFO 2012-03-21 18:23:06,593 views 2978 -1223742608 archive an article, name new blog engine
INFO 2012-03-21 18:23:20,627 views 2978 -1223742608 archive an article, name new blog engine
INFO 2012-03-21 18:23:25,181 views 2978 -1223742608 archive an article, name new blog engine
INFO 2012-03-21 18:23:25,988 views 2978 -1223742608 archive an article, name new blog engine
INFO 2012-03-21 18:23:52,423 models 2978 -1223742608 create an article, title new blog engine
INFO 2012-03-21 18:24:01,888 views 2978 -1223742608 archive all article
INFO 2012-03-21 18:24:02,234 views 2978 -1223742608 archive all article
INFO 2012-03-21 18:24:03,580 views 2978 -1223742608 archive an article, name new blog engine
INFO 2012-03-21 18:26:04,155 views 2978 -1223742608 archive all article
INFO 2012-03-21 19:50:17,968 models 4442 -1216592192 create an article, title new blog engine
INFO 2012-03-21 19:51:05,750 models 4455 -1217116480 create an article, title new blog engine
INFO 2012-03-21 19:52:30,311 models 4464 -1217161536 create an article, title new blog engine
INFO 2012-03-21 19:52:30,324 models 4464 -1217161536 create an article, title new blog engine
INFO 2012-03-21 19:55:51,645 models 4489 -1217124672 create a category, title aa
INFO 2012-03-21 19:56:23,154 models 4489 -1217124672 create an article, title new blog engine
INFO 2012-03-21 19:56:23,560 models 4489 -1217124672 create an article, title new blog engine
INFO 2012-03-21 20:00:48,115 views 4491 -1224258704 archive all article
INFO 2012-03-21 20:02:17,685 models 4551 -1223648400 create an article_deamon, title test
INFO 2012-03-21 20:02:17,691 models 4551 -1223648400 create an article, title test
INFO 2012-03-21 20:02:21,640 views 4551 -1223648400 archive all article
INFO 2012-03-21 20:02:22,031 views 4551 -1223648400 archive all article
INFO 2012-03-21 20:02:23,854 views 4551 -1223648400 archive an article, name test
INFO 2012-03-21 20:04:20,036 views 4551 -1223648400 archive all article
INFO 2012-03-21 20:06:01,618 views 4551 -1223648400 archive all article
INFO 2012-03-21 20:09:32,686 models 4551 -1223648400 create an article_deamon, title test
INFO 2012-03-21 20:09:32,691 models 4551 -1223648400 create an article, title test
INFO 2012-03-21 20:09:36,916 views 4551 -1223648400 archive all article
INFO 2012-03-21 20:09:37,171 views 4551 -1223648400 archive all article
INFO 2012-03-21 20:14:16,180 views 4779 -1223566480 archive all article
INFO 2012-03-21 20:17:10,883 views 4804 -1223828624 archive all article
INFO 2012-03-21 20:17:12,760 views 4804 -1223828624 archive all article
INFO 2012-03-21 20:18:29,666 views 4832 -1224352912 archive all article
INFO 2012-03-21 20:18:30,697 views 4832 -1224352912 archive all article
INFO 2012-03-21 20:18:31,798 views 4832 -1224352912 archive all article
INFO 2012-03-21 20:18:40,632 views 4834 -1223840912 archive all article
INFO 2012-03-21 20:18:42,172 views 4834 -1223840912 archive all article
INFO 2012-03-21 20:18:43,380 views 4834 -1223840912 archive all article
INFO 2012-03-21 20:18:45,563 views 4834 -1223840912 archive all article
INFO 2012-03-21 20:18:47,314 views 4834 -1223840912 archive all article
INFO 2012-03-21 20:19:15,062 views 4836 -1223849104 archive all article
INFO 2012-03-21 20:19:16,564 views 4836 -1223849104 archive all article
INFO 2012-03-21 20:19:18,459 views 4836 -1223849104 archive all article
INFO 2012-03-21 20:20:18,164 views 4844 -1223730320 archive all article
INFO 2012-03-21 20:20:19,640 views 4844 -1223730320 archive an article, name test
INFO 2012-03-21 20:20:31,906 views 4844 -1223730320 archive an article, name test
INFO 2012-03-21 20:20:33,383 views 4849 -1224209552 archive an article, name test
INFO 2012-03-21 20:20:35,283 views 4849 -1224209552 archive all article
INFO 2012-03-21 20:20:38,532 views 4849 -1224209552 archive all article
INFO 2012-03-21 20:20:39,024 views 4849 -1224209552 archive all article
INFO 2012-03-21 20:20:40,111 views 4849 -1224209552 archive tag detail, name 123asdf
INFO 2012-03-21 20:20:41,648 views 4849 -1224209552 archive tag detail, name sdaf
INFO 2012-03-21 20:23:10,479 views 4873 -1223693456 archive all article
INFO 2012-03-21 20:23:12,276 views 4873 -1223693456 archive all article
INFO 2012-03-21 20:24:34,330 views 4885 -1223750800 archive all article
INFO 2012-03-21 20:24:35,158 views 4887 -1223955600 archive all article
INFO 2012-03-21 20:24:36,563 views 4887 -1223955600 archive an article, name test
INFO 2012-03-21 20:24:38,281 views 4887 -1223955600 archive tag detail, name sdaf
INFO 2012-03-21 20:24:54,128 models 4887 -1223955600 create an article_deamon, title 123
INFO 2012-03-21 20:24:57,510 views 4887 -1223955600 archive all article
INFO 2012-03-21 20:24:57,767 views 4887 -1223955600 archive all article
INFO 2012-03-21 20:24:59,226 views 4887 -1223955600 archive an article, name 123
INFO 2012-03-21 20:25:31,962 views 4911 -1224418448 archive all article
INFO 2012-03-21 20:26:27,639 models 4915 -1223824528 create an article_deamon, title 123
INFO 2012-03-21 20:26:32,308 views 4915 -1223824528 archive all article
INFO 2012-03-21 20:26:32,495 views 4915 -1223824528 archive all article
INFO 2012-03-21 20:49:08,542 models 5209 -1224381584 create an article_deamon, title 123
INFO 2012-03-21 20:49:08,550 models 5209 -1224381584 create an article, title 123
INFO 2012-03-21 20:49:12,666 views 5209 -1224381584 archive all article
INFO 2012-03-21 20:49:13,267 views 5209 -1224381584 archive all article
INFO 2012-03-21 20:49:16,952 views 5209 -1224381584 archive an article, name 123
INFO 2012-03-21 20:49:18,987 views 5209 -1224381584 archive all article
INFO 2012-03-21 20:52:33,286 views 5252 -1224291472 archive all article
INFO 2012-03-21 20:52:33,449 views 5252 -1224291472 archive all article
INFO 2012-03-21 22:08:07,182 views 6618 -1223468176 archive all article
INFO 2012-03-21 22:08:33,805 models 6618 -1223468176 create an article, title 123
INFO 2012-03-21 22:08:37,540 views 6618 -1223468176 archive all article
INFO 2012-03-21 22:08:37,795 views 6618 -1223468176 archive all article
INFO 2012-03-22 20:55:34,791 views 2862 -1223263376 archive all article
